0 info it worked if it ends with ok
1 verbose cli [ 'C:\\Program Files\\nodejs\\node.exe',
1 verbose cli   'C:\\Program Files\\nodejs\\node_modules\\npm\\bin\\npm-cli.js',
1 verbose cli   'install',
1 verbose cli   '-g',
1 verbose cli   'npm' ]
2 info using npm@3.10.9
3 info using node@v6.9.2
4 silly loadCurrentTree Starting
5 silly install loadCurrentTree
6 silly install readGlobalPackageData
7 silly fetchPackageMetaData npm
8 silly fetchNamedPackageData npm
9 silly mapToRegistry name npm
10 silly mapToRegistry using default registry
11 silly mapToRegistry registry https://registry.npmjs.org/
12 silly mapToRegistry data Result {
12 silly mapToRegistry   raw: 'npm',
12 silly mapToRegistry   scope: null,
12 silly mapToRegistry   escapedName: 'npm',
12 silly mapToRegistry   name: 'npm',
12 silly mapToRegistry   rawSpec: '',
12 silly mapToRegistry   spec: 'latest',
12 silly mapToRegistry   type: 'tag' }
13 silly mapToRegistry uri https://registry.npmjs.org/npm
14 verbose request uri https://registry.npmjs.org/npm
15 verbose request no auth needed
16 info attempt registry request try #1 at 22:06:29
17 verbose request id 331b4beb1f9a07f0
18 http request GET https://registry.npmjs.org/npm
19 http 200 https://registry.npmjs.org/npm
20 verbose headers { server: 'nginx/1.10.1',
20 verbose headers   'content-type': 'application/json',
20 verbose headers   'last-modified': 'Fri, 16 Dec 2016 19:17:36 GMT',
20 verbose headers   etag: 'W/"58543dd0-5aa3f5"',
20 verbose headers   'content-encoding': 'gzip',
20 verbose headers   'cache-control': 'max-age=300',
20 verbose headers   'content-length': '338719',
20 verbose headers   'accept-ranges': 'bytes',
20 verbose headers   date: 'Wed, 21 Dec 2016 13:06:29 GMT',
20 verbose headers   via: '1.1 varnish',
20 verbose headers   age: '118',
20 verbose headers   connection: 'keep-alive',
20 verbose headers   'x-served-by': 'cache-nrt6135-NRT',
20 verbose headers   'x-cache': 'HIT',
20 verbose headers   'x-cache-hits': '1',
20 verbose headers   'x-timer': 'S1482325589.186535,VS0,VE5',
20 verbose headers   vary: 'Accept-Encoding' }
21 silly get cb [ 200,
21 silly get   { server: 'nginx/1.10.1',
21 silly get     'content-type': 'application/json',
21 silly get     'last-modified': 'Fri, 16 Dec 2016 19:17:36 GMT',
21 silly get     etag: 'W/"58543dd0-5aa3f5"',
21 silly get     'content-encoding': 'gzip',
21 silly get     'cache-control': 'max-age=300',
21 silly get     'content-length': '338719',
21 silly get     'accept-ranges': 'bytes',
21 silly get     date: 'Wed, 21 Dec 2016 13:06:29 GMT',
21 silly get     via: '1.1 varnish',
21 silly get     age: '118',
21 silly get     connection: 'keep-alive',
21 silly get     'x-served-by': 'cache-nrt6135-NRT',
21 silly get     'x-cache': 'HIT',
21 silly get     'x-cache-hits': '1',
21 silly get     'x-timer': 'S1482325589.186535,VS0,VE5',
21 silly get     vary: 'Accept-Encoding' } ]
22 verbose get saving npm to C:\Users\csh\AppData\Roaming\npm-cache\registry.npmjs.org\npm\.cache.json
23 verbose correctMkdir C:\Users\csh\AppData\Roaming\npm-cache correctMkdir not in flight; initializing
24 silly install normalizeTree
25 silly loadCurrentTree Finishing
26 silly loadIdealTree Starting
27 silly install loadIdealTree
28 silly cloneCurrentTree Starting
29 silly install cloneCurrentTreeToIdealTree
30 silly cloneCurrentTree Finishing
31 silly loadShrinkwrap Starting
32 silly install loadShrinkwrap
33 silly loadShrinkwrap Finishing
34 silly loadAllDepsIntoIdealTree Starting
35 silly install loadAllDepsIntoIdealTree
36 silly resolveWithNewModule npm@4.0.5 checking installable status
37 silly cache add args [ 'npm', null ]
38 verbose cache add spec npm
39 silly cache add parsed spec Result {
39 silly cache add   raw: 'npm',
39 silly cache add   scope: null,
39 silly cache add   escapedName: 'npm',
39 silly cache add   name: 'npm',
39 silly cache add   rawSpec: '',
39 silly cache add   spec: 'latest',
39 silly cache add   type: 'tag' }
40 silly addNamed npm@latest
41 verbose addNamed "latest" is being treated as a dist-tag for npm
42 info addNameTag [ 'npm', 'latest' ]
43 silly mapToRegistry name npm
44 silly mapToRegistry using default registry
45 silly mapToRegistry registry https://registry.npmjs.org/
46 silly mapToRegistry data Result {
46 silly mapToRegistry   raw: 'npm',
46 silly mapToRegistry   scope: null,
46 silly mapToRegistry   escapedName: 'npm',
46 silly mapToRegistry   name: 'npm',
46 silly mapToRegistry   rawSpec: '',
46 silly mapToRegistry   spec: 'latest',
46 silly mapToRegistry   type: 'tag' }
47 silly mapToRegistry uri https://registry.npmjs.org/npm
48 verbose addNameTag registry:https://registry.npmjs.org/npm not in flight; fetching
49 verbose get https://registry.npmjs.org/npm not expired, no request
50 silly addNameTag next cb for npm with tag latest
51 silly addNamed npm@4.0.5
52 verbose addNamed "4.0.5" is a plain semver version for npm
53 silly mapToRegistry name npm
54 silly mapToRegistry using default registry
55 silly mapToRegistry registry https://registry.npmjs.org/
56 silly mapToRegistry data Result {
56 silly mapToRegistry   raw: 'npm',
56 silly mapToRegistry   scope: null,
56 silly mapToRegistry   escapedName: 'npm',
56 silly mapToRegistry   name: 'npm',
56 silly mapToRegistry   rawSpec: '',
56 silly mapToRegistry   spec: 'latest',
56 silly mapToRegistry   type: 'tag' }
57 silly mapToRegistry uri https://registry.npmjs.org/npm
58 verbose addRemoteTarball https://registry.npmjs.org/npm/-/npm-4.0.5.tgz not in flight; adding
59 verbose addRemoteTarball [ 'https://registry.npmjs.org/npm/-/npm-4.0.5.tgz',
59 verbose addRemoteTarball   'a9c3c00c3c5bd6b0538c71109e019afd9d5b1403' ]
60 info retry fetch attempt 1 at 22:06:45
61 info attempt registry request try #1 at 22:06:45
62 http fetch GET https://registry.npmjs.org/npm/-/npm-4.0.5.tgz
63 http fetch 200 https://registry.npmjs.org/npm/-/npm-4.0.5.tgz
64 verbose stack Error: kill ENOSYS
64 verbose stack     at exports._errnoException (util.js:1022:11)
64 verbose stack     at process.kill (internal/process.js:172:13)
64 verbose stack     at process.listener (C:\Program Files\nodejs\node_modules\npm\node_modules\npmlog\node_modules\gauge\node_modules\signal-exit\index.js:86:15)
64 verbose stack     at emitNone (events.js:91:20)
64 verbose stack     at process.emit (events.js:185:7)
64 verbose stack     at processEmit (C:\Program Files\nodejs\node_modules\npm\node_modules\npmlog\node_modules\gauge\node_modules\signal-exit\index.js:146:32)
64 verbose stack     at processEmit (C:\Program Files\nodejs\node_modules\npm\node_modules\npm-registry-client\node_modules\npmlog\node_modules\gauge\node_modules\signal-exit\index.js:146:32)
64 verbose stack     at Signal.wrap.onsignal (internal/process.js:199:44)
65 verbose cwd E:\work\study\node\supervisor
66 error Windows_NT 10.0.14393
67 error argv "C:\\Program Files\\nodejs\\node.exe" "C:\\Program Files\\nodejs\\node_modules\\npm\\bin\\npm-cli.js" "install" "-g" "npm"
68 error node v6.9.2
69 error npm  v3.10.9
70 error code ENOSYS
71 error errno ENOSYS
72 error syscall kill
73 error kill ENOSYS
74 error If you need help, you may report this error at:
74 error     <https://github.com/npm/npm/issues>
75 verbose exit [ 1, true ]
